TN:
SF:src\server.ts
FN:11,(anonymous_1)
FNF:1
FNH:1
FNDA:1,(anonymous_1)
DA:1,1
DA:2,1
DA:4,1
DA:5,1
DA:7,1
DA:9,1
DA:11,1
DA:13,1
LF:8
LH:8
BRF:0
BRH:0
end_of_record
TN:
SF:src\controllers\Controller.ts
FN:3,(anonymous_0)
FNF:1
FNH:1
FNDA:1,(anonymous_0)
DA:6,1
LF:1
LH:1
BRF:0
BRH:0
end_of_record
TN:
SF:src\controllers\customer.controller.ts
FN:14,(anonymous_1)
FN:21,(anonymous_2)
FN:46,(anonymous_3)
FNF:3
FNH:1
FNDA:1,(anonymous_1)
FNDA:0,(anonymous_2)
FNDA:0,(anonymous_3)
DA:3,1
DA:4,1
DA:6,1
DA:7,1
DA:9,1
DA:10,1
DA:11,1
DA:15,1
DA:16,1
DA:17,1
DA:18,1
DA:22,0
DA:23,0
DA:25,0
DA:27,0
DA:29,0
DA:35,0
DA:37,0
DA:38,0
DA:39,0
DA:40,0
DA:42,0
DA:47,0
DA:48,0
DA:49,0
DA:50,0
DA:51,0
DA:54,0
DA:55,0
DA:56,0
DA:57,0
DA:58,0
DA:61,0
DA:65,1
LF:34
LH:12
BRDA:25,0,0,0
BRDA:29,1,0,0
BRF:2
BRH:0
end_of_record
TN:
SF:src\middlewares\checkEmail.ts
FN:5,checkEmail
FNF:1
FNH:1
FNDA:1,checkEmail
DA:2,1
DA:4,1
DA:6,1
DA:7,1
DA:8,1
DA:9,1
DA:10,0
DA:11,0
DA:13,0
DA:17,1
LF:10
LH:7
BRDA:8,0,0,1
BRDA:10,1,0,0
BRDA:10,1,1,0
BRF:3
BRH:1
end_of_record
TN:
SF:src\repositories\customer.repository.ts
FN:6,(anonymous_1)
FN:12,(anonymous_2)
FN:27,(anonymous_3)
FN:38,(anonymous_4)
FN:53,(anonymous_5)
FNF:5
FNH:5
FNDA:4,(anonymous_1)
FNDA:2,(anonymous_2)
FNDA:2,(anonymous_3)
FNDA:1,(anonymous_4)
FNDA:2,(anonymous_5)
DA:1,2
DA:7,4
DA:8,4
DA:13,2
DA:14,2
DA:19,2
DA:20,1
DA:22,1
DA:28,2
DA:29,2
DA:32,2
DA:34,0
DA:39,1
DA:40,1
DA:45,0
DA:47,0
DA:49,0
DA:54,2
DA:55,2
DA:56,2
DA:58,0
DA:63,2
LF:22
LH:17
BRDA:19,0,0,1
BRDA:45,1,0,0
BRF:2
BRH:1
end_of_record
TN:
SF:src\repositories\repository.ts
FN:7,(anonymous_0)
FNF:1
FNH:1
FNDA:4,(anonymous_0)
DA:1,2
DA:5,4
DA:11,2
LF:3
LH:3
BRF:0
BRH:0
end_of_record
TN:
SF:src\routes\customer.routes.ts
FNF:0
FNH:0
DA:1,1
DA:2,1
DA:3,1
DA:5,1
DA:7,1
DA:9,1
DA:10,1
DA:12,1
LF:8
LH:8
BRF:0
BRH:0
end_of_record
